<?xml version="1.0" encoding="UTF-8"?>
<testsuite name="ch.uzh.ifi.hase.soprafs23.controller.GameUnderCoverControllerTest" tests="1" skipped="0" failures="0" errors="0" timestamp="2023-04-17T21:48:43" hostname="Fountains-MacBook-Air.local" time="0.846">
  <properties/>
  <testcase name="createGame_validInput_gameCreated()" classname="ch.uzh.ifi.hase.soprafs23.controller.GameUnderCoverControllerTest" time="0.846"/>
  <system-out><![CDATA[23:48:43.884 [Test worker] DEBUG _org.springframework.web.servlet.HandlerMapping.Mappings - 
	c.u.i.h.s.c.GameUnderCoverController:
	{PUT [/undercover/{gameId}/votes]}: vote(long,User)
	{PUT [/undercover/{gameId}/users/{userId}/description]}: describe(long,long)
	{POST [/undercover/rooms/{roomId}]}: createGame(long)
23:48:43.891 [Test worker] DEBUG org.springframework.web.servlet.mvc.method.annotation.RequestMappingHandlerMapping - 3 mappings in org.springframework.web.servlet.mvc.method.annotation.RequestMappingHandlerMapping
23:48:44.061 [Test worker] DEBUG org.springframework.web.servlet.mvc.method.annotation.RequestMappingHandlerAdapter - ControllerAdvice beans: 0 @ModelAttribute, 0 @InitBinder, 1 RequestBodyAdvice, 1 ResponseBodyAdvice
23:48:44.085 [Test worker] DEBUG org.springframework.web.servlet.mvc.method.annotation.ExceptionHandlerExceptionResolver - ControllerAdvice beans: 0 @ExceptionHandler, 1 ResponseBodyAdvice
23:48:44.096 [Test worker] INFO org.springframework.mock.web.MockServletContext - Initializing Spring TestDispatcherServlet ''
23:48:44.096 [Test worker] INFO org.springframework.test.web.servlet.TestDispatcherServlet - Initializing Servlet ''
23:48:44.097 [Test worker] DEBUG org.springframework.test.web.servlet.TestDispatcherServlet - Detected AcceptHeaderLocaleResolver
23:48:44.097 [Test worker] DEBUG org.springframework.test.web.servlet.TestDispatcherServlet - Detected FixedThemeResolver
23:48:44.097 [Test worker] DEBUG org.springframework.test.web.servlet.TestDispatcherServlet - Detected org.springframework.web.servlet.view.DefaultRequestToViewNameTranslator@34e4fb39
23:48:44.098 [Test worker] DEBUG org.springframework.test.web.servlet.TestDispatcherServlet - Detected org.springframework.web.servlet.support.SessionFlashMapManager@36fe83d
23:48:44.098 [Test worker] DEBUG org.springframework.test.web.servlet.TestDispatcherServlet - enableLoggingRequestDetails='false': request parameters and headers will be masked to prevent unsafe logging of potentially sensitive data
23:48:44.098 [Test worker] INFO org.springframework.test.web.servlet.TestDispatcherServlet - Completed initialization in 2 ms
23:48:44.126 [Test worker] DEBUG org.springframework.test.web.servlet.TestDispatcherServlet - POST "/undercover/rooms/1", parameters={}
23:48:44.128 [Test worker] DEBUG org.springframework.web.servlet.mvc.method.annotation.RequestMappingHandlerMapping - Mapped to ch.uzh.ifi.hase.soprafs23.controller.GameUnderCoverController#createGame(long)
23:48:44.176 [Test worker] DEBUG org.springframework.web.servlet.mvc.method.annotation.RequestResponseBodyMethodProcessor - Using 'application/json', given [*/*] and supported [application/json, application/*+json]
23:48:44.176 [Test worker] DEBUG org.springframework.web.servlet.mvc.method.annotation.RequestResponseBodyMethodProcessor - Writing [ch.uzh.ifi.hase.soprafs23.entity.GameUndercover@37ab1b10]
23:48:44.186 [Test worker] DEBUG org.springframework.test.web.servlet.TestDispatcherServlet - Completed 201 CREATED
23:48:44.216 [Test worker] DEBUG com.jayway.jsonpath.internal.path.CompiledPath - Evaluating path: $['gameStatus']
23:48:44.218 [Test worker] DEBUG com.jayway.jsonpath.internal.path.CompiledPath - Evaluating path: $['users']
23:48:44.221 [Test worker] DEBUG com.jayway.jsonpath.internal.path.CompiledPath - Evaluating path: $['users']
23:48:44.222 [Test worker] DEBUG com.jayway.jsonpath.internal.path.CompiledPath - Evaluating path: $['users'][*]['id']
]]></system-out>
  <system-err><![CDATA[]]></system-err>
</testsuite>
