<?xml version="1.0" encoding="UTF-8"?>
<testsuite name="ch.uzh.ifi.hase.soprafs23.repository.UserRepositoryIntegrationTest" tests="1" skipped="0" failures="0" errors="0" timestamp="2023-04-18T20:09:49" hostname="ast-desktop" time="0.142">
  <properties/>
  <testcase name="findByUsername_success()" classname="ch.uzh.ifi.hase.soprafs23.repository.UserRepositoryIntegrationTest" time="0.142"/>
  <system-out><![CDATA[2023-04-18 22:09:47.769  INFO 36561 --- [    Test worker] b.t.a.o.j.DataJpaTestContextBootstrapper : Neither @ContextConfiguration nor @ContextHierarchy found for test class [ch.uzh.ifi.hase.soprafs23.repository.UserRepositoryIntegrationTest], using SpringBootContextLoader
2023-04-18 22:09:47.770  INFO 36561 --- [    Test worker] o.s.t.c.support.AbstractContextLoader    : Could not detect default resource locations for test class [ch.uzh.ifi.hase.soprafs23.repository.UserRepositoryIntegrationTest]: no resource found for suffixes {-context.xml, Context.groovy}.
2023-04-18 22:09:47.770  INFO 36561 --- [    Test worker] t.c.s.AnnotationConfigContextLoaderUtils : Could not detect default configuration classes for test class [ch.uzh.ifi.hase.soprafs23.repository.UserRepositoryIntegrationTest]: UserRepositoryIntegrationTest does not declare any static, non-private, non-final, nested classes annotated with @Configuration.
2023-04-18 22:09:47.775  INFO 36561 --- [    Test worker] .b.t.c.SpringBootTestContextBootstrapper : Found @SpringBootConfiguration ch.uzh.ifi.hase.soprafs23.Application for test class ch.uzh.ifi.hase.soprafs23.repository.UserRepositoryIntegrationTest
2023-04-18 22:09:47.775  INFO 36561 --- [    Test worker] b.t.a.o.j.DataJpaTestContextBootstrapper : Loaded default TestExecutionListener class names from location [META-INF/spring.factories]: [org.springframework.boot.test.autoconfigure.restdocs.RestDocsTestExecutionListener, org.springframework.boot.test.autoconfigure.web.client.MockRestServiceServerResetTestExecutionListener, org.springframework.boot.test.autoconfigure.web.servlet.MockMvcPrintOnlyOnFailureTestExecutionListener, org.springframework.boot.test.autoconfigure.web.servlet.WebDriverTestExecutionListener, org.springframework.boot.test.autoconfigure.webservices.client.MockWebServiceServerTestExecutionListener, org.springframework.boot.test.mock.mockito.MockitoTestExecutionListener, org.springframework.boot.test.mock.mockito.ResetMocksTestExecutionListener, org.springframework.test.context.web.ServletTestExecutionListener, org.springframework.test.context.support.DirtiesContextBeforeModesTestExecutionListener, org.springframework.test.context.event.ApplicationEventsTestExecutionListener, org.springframework.test.context.support.DependencyInjectionTestExecutionListener, org.springframework.test.context.support.DirtiesContextTestExecutionListener, org.springframework.test.context.transaction.TransactionalTestExecutionListener, org.springframework.test.context.jdbc.SqlScriptsTestExecutionListener, org.springframework.test.context.event.EventPublishingTestExecutionListener]
2023-04-18 22:09:47.776  INFO 36561 --- [    Test worker] b.t.a.o.j.DataJpaTestContextBootstrapper : Using TestExecutionListeners: [org.springframework.test.context.web.ServletTestExecutionListener@3443732a, org.springframework.test.context.support.DirtiesContextBeforeModesTestExecutionListener@68950f25, org.springframework.test.context.event.ApplicationEventsTestExecutionListener@e471cef, org.springframework.boot.test.mock.mockito.MockitoTestExecutionListener@7f2d681a, org.springframework.boot.test.autoconfigure.SpringBootDependencyInjectionTestExecutionListener@50588ef6, org.springframework.test.context.support.DirtiesContextTestExecutionListener@10744fff, org.springframework.test.context.transaction.TransactionalTestExecutionListener@2662997a, org.springframework.test.context.jdbc.SqlScriptsTestExecutionListener@329b4814, org.springframework.test.context.event.EventPublishingTestExecutionListener@26204f8f, org.springframework.boot.test.autoconfigure.restdocs.RestDocsTestExecutionListener@1419f703, org.springframework.boot.test.autoconfigure.web.client.MockRestServiceServerResetTestExecutionListener@268215b3, org.springframework.boot.test.autoconfigure.web.servlet.MockMvcPrintOnlyOnFailureTestExecutionListener@4e31229f, org.springframework.boot.test.autoconfigure.web.servlet.WebDriverTestExecutionListener@6a4940e1, org.springframework.boot.test.autoconfigure.webservices.client.MockWebServiceServerTestExecutionListener@31330344, org.springframework.boot.test.mock.mockito.ResetMocksTestExecutionListener@72ab75c]

  .   ____          _            __ _ _
 /\\ / ___'_ __ _ _(_)_ __  __ _ \ \ \ \
( ( )\___ | '_ | '_| | '_ \/ _` | \ \ \ \
 \\/  ___)| |_)| | | | | || (_| |  ) ) ) )
  '  |____| .__|_| |_|_| |_\__, | / / / /
 =========|_|==============|___/=/_/_/_/
 :: Spring Boot ::               (v2.4.13)

2023-04-18 22:09:47.793  INFO 36561 --- [    Test worker] .u.i.h.s.r.UserRepositoryIntegrationTest : Starting UserRepositoryIntegrationTest using Java 17.0.6 on ast-desktop with PID 36561 (started by heqing in /home/heqing/Downloads/SELAB/M3/server)
2023-04-18 22:09:47.794  INFO 36561 --- [    Test worker] .u.i.h.s.r.UserRepositoryIntegrationTest : No active profile set, falling back to default profiles: default
2023-04-18 22:09:47.907  INFO 36561 --- [    Test worker] .s.d.r.c.RepositoryConfigurationDelegate : Bootstrapping Spring Data JPA repositories in DEFAULT mode.
2023-04-18 22:09:47.946  INFO 36561 --- [    Test worker] .s.d.r.c.RepositoryConfigurationDelegate : Finished Spring Data repository scanning in 32 ms. Found 3 JPA repository interfaces.
2023-04-18 22:09:47.972  INFO 36561 --- [    Test worker] beddedDataSourceBeanFactoryPostProcessor : Replacing 'dataSource' DataSource bean with embedded version
2023-04-18 22:09:48.000  INFO 36561 --- [    Test worker] o.s.j.d.e.EmbeddedDatabaseFactory        : Starting embedded database: url='jdbc:h2:mem:5f820d6a-f5df-45cf-8704-aef8880e9221;DB_CLOSE_DELAY=-1;DB_CLOSE_ON_EXIT=false', username='sa'
2023-04-18 22:09:48.310  INFO 36561 --- [    Test worker] o.hibernate.jpa.internal.util.LogHelper  : HHH000204: Processing PersistenceUnitInfo [name: default]
2023-04-18 22:09:48.356  INFO 36561 --- [    Test worker] org.hibernate.Version                    : HHH000412: Hibernate ORM core version 5.4.32.Final
2023-04-18 22:09:48.391  INFO 36561 --- [    Test worker] o.hibernate.annotations.common.Version   : HCANN000001: Hibernate Commons Annotations {5.1.2.Final}
2023-04-18 22:09:48.480  INFO 36561 --- [    Test worker] org.hibernate.dialect.Dialect            : HHH000400: Using dialect: org.hibernate.dialect.H2Dialect
Hibernate: drop table if exists friends CASCADE 
Hibernate: drop table if exists game_users CASCADE 
Hibernate: drop table if exists game_undercover CASCADE 
Hibernate: drop table if exists room CASCADE 
Hibernate: drop table if exists user CASCADE 
Hibernate: drop sequence if exists hibernate_sequence
Hibernate: drop sequence if exists room_sequence
Hibernate: drop sequence if exists undercover_sequence
Hibernate: create sequence hibernate_sequence start with 1 increment by 1
Hibernate: create sequence room_sequence start with 1 increment by 1
Hibernate: create sequence undercover_sequence start with 1 increment by 1
Hibernate: create table friends (user_id bigint not null, friend_id bigint not null)
Hibernate: create table game_users (game_id bigint not null, user_id bigint not null, primary key (game_id, user_id))
Hibernate: create table game_undercover (id bigint not null, current_player_id bigint, game_status integer, room_id bigint, primary key (id))
Hibernate: create table room (id bigint not null, game_name varchar(255) not null, name varchar(255) not null, owner_id bigint not null, primary key (id))
Hibernate: create table user (id bigint not null, community_ranking integer not null, friend_name varchar(255), global_ranking integer not null, image varchar(255), is_voted boolean not null, password varchar(255) not null, score integer not null, token varchar(255) not null, undercover boolean not null, username varchar(255) not null, word varchar(255), room_id bigint, primary key (id))
Hibernate: alter table room add constraint UK_4l8mm4fqoos6fcbx76rvqxer unique (name)
Hibernate: alter table user add constraint UK_mtqx5podr73c7h25y9qqu96x2 unique (token)
Hibernate: alter table user add constraint UK_sb8bbouer5wak8vyiiy4pf2bx unique (username)
Hibernate: alter table friends add constraint FKqhlqyd2eb3nmk9hvrfqslw918 foreign key (friend_id) references user
Hibernate: alter table friends add constraint FKivlhvh7odettdl818ml67apb9 foreign key (user_id) references user
Hibernate: alter table game_users add constraint FKjtkfux0qusi8dp0v8mgdjc3wb foreign key (user_id) references user
Hibernate: alter table game_users add constraint FK60x62r7m4abd26e09a0abqo0s foreign key (game_id) references game_undercover
Hibernate: alter table game_undercover add constraint FKta9abtcw9g5h3bbngf761iiq2 foreign key (room_id) references room
Hibernate: alter table user add constraint FKr7pfjaqkuj79ip1vhtfu0ypa5 foreign key (room_id) references room
2023-04-18 22:09:48.934  INFO 36561 --- [    Test worker] o.h.e.t.j.p.i.JtaPlatformInitiator       : HHH000490: Using JtaPlatform implementation: [org.hibernate.engine.transaction.jta.platform.internal.NoJtaPlatform]
2023-04-18 22:09:48.945  INFO 36561 --- [    Test worker] j.LocalContainerEntityManagerFactoryBean : Initialized JPA EntityManagerFactory for persistence unit 'default'
2023-04-18 22:09:49.289  INFO 36561 --- [    Test worker] .u.i.h.s.r.UserRepositoryIntegrationTest : Started UserRepositoryIntegrationTest in 1.51 seconds (JVM running for 4.55)
2023-04-18 22:09:49.298  INFO 36561 --- [    Test worker] o.s.t.c.transaction.TransactionContext   : Began transaction (1) for test context [DefaultTestContext@1d34ff60 testClass = UserRepositoryIntegrationTest, testInstance = ch.uzh.ifi.hase.soprafs23.repository.UserRepositoryIntegrationTest@9305ed7, testMethod = findByUsername_success@UserRepositoryIntegrationTest, testException = [null], mergedContextConfiguration = [MergedContextConfiguration@37cc09a5 testClass = UserRepositoryIntegrationTest, locations = '{}', classes = '{class ch.uzh.ifi.hase.soprafs23.Application}', contextInitializerClasses = '[]', activeProfiles = '{}', propertySourceLocations = '{}', propertySourceProperties = '{org.springframework.boot.test.autoconfigure.orm.jpa.DataJpaTestContextBootstrapper=true}', contextCustomizers = set[org.springframework.boot.test.autoconfigure.OverrideAutoConfigurationContextCustomizerFactory$DisableAutoConfigurationContextCustomizer@6b0615ae, org.springframework.boot.test.autoconfigure.actuate.metrics.MetricsExportContextCustomizerFactory$DisableMetricExportContextCustomizer@2416498e, org.springframework.boot.test.autoconfigure.filter.TypeExcludeFiltersContextCustomizer@351584c0, org.springframework.boot.test.autoconfigure.properties.PropertyMappingContextCustomizer@6efeb894, org.springframework.boot.test.autoconfigure.web.servlet.WebDriverContextCustomizerFactory$Customizer@7c2b58c0, [ImportsContextCustomizer@1e1dbfe key = [org.springframework.boot.autoconfigure.cache.CacheAutoConfiguration, org.springframework.boot.autoconfigure.data.jpa.JpaRepositoriesAutoConfiguration, org.springframework.boot.autoconfigure.flyway.FlywayAutoConfiguration, org.springframework.boot.autoconfigure.jdbc.DataSourceAutoConfiguration, org.springframework.boot.autoconfigure.jdbc.DataSourceTransactionManagerAutoConfiguration, org.springframework.boot.autoconfigure.jdbc.JdbcTemplateAutoConfiguration, org.springframework.boot.autoconfigure.liquibase.LiquibaseAutoConfiguration, org.springframework.boot.autoconfigure.orm.jpa.HibernateJpaAutoConfiguration, org.springframework.boot.autoconfigure.transaction.TransactionAutoConfiguration, org.springframework.boot.test.autoconfigure.jdbc.TestDatabaseAutoConfiguration, org.springframework.boot.test.autoconfigure.orm.jpa.TestEntityManagerAutoConfiguration]], org.springframework.boot.test.context.filter.ExcludeFilterContextCustomizer@f288c14, org.springframework.boot.test.json.DuplicateJsonObjectContextCustomizerFactory$DuplicateJsonObjectContextCustomizer@17b6d426, org.springframework.boot.test.mock.mockito.MockitoContextCustomizer@0, org.springframework.boot.test.context.SpringBootTestArgs@1, org.springframework.boot.test.context.SpringBootTestWebEnvironment@0], contextLoader = 'org.springframework.boot.test.context.SpringBootContextLoader', parent = [null]], attributes = map['org.springframework.test.context.event.ApplicationEventsTestExecutionListener.recordApplicationEvents' -> false]]; transaction manager [org.springframework.orm.jpa.JpaTransactionManager@d678716]; rollback [true]
Hibernate: call next value for hibernate_sequence
Hibernate: insert into user (community_ranking, friend_name, global_ranking, image, is_voted, password, room_id, score, token, undercover, username, word, id) values (?, ?, ?, ?, ?, ?, ?, ?, ?, ?, ?, ?, ?)
Hibernate: select user0_.id as id1_4_, user0_.community_ranking as communit2_4_, user0_.friend_name as friend_n3_4_, user0_.global_ranking as global_r4_4_, user0_.image as image5_4_, user0_.is_voted as is_voted6_4_, user0_.password as password7_4_, user0_.room_id as room_id13_4_, user0_.score as score8_4_, user0_.token as token9_4_, user0_.undercover as underco10_4_, user0_.username as usernam11_4_, user0_.word as word12_4_ from user user0_ where user0_.username=?
2023-04-18 22:09:49.433  INFO 36561 --- [    Test worker] o.s.t.c.transaction.TransactionContext   : Rolled back transaction for test: [DefaultTestContext@1d34ff60 testClass = UserRepositoryIntegrationTest, testInstance = ch.uzh.ifi.hase.soprafs23.repository.UserRepositoryIntegrationTest@9305ed7, testMethod = findByUsername_success@UserRepositoryIntegrationTest, testException = [null], mergedContextConfiguration = [MergedContextConfiguration@37cc09a5 testClass = UserRepositoryIntegrationTest, locations = '{}', classes = '{class ch.uzh.ifi.hase.soprafs23.Application}', contextInitializerClasses = '[]', activeProfiles = '{}', propertySourceLocations = '{}', propertySourceProperties = '{org.springframework.boot.test.autoconfigure.orm.jpa.DataJpaTestContextBootstrapper=true}', contextCustomizers = set[org.springframework.boot.test.autoconfigure.OverrideAutoConfigurationContextCustomizerFactory$DisableAutoConfigurationContextCustomizer@6b0615ae, org.springframework.boot.test.autoconfigure.actuate.metrics.MetricsExportContextCustomizerFactory$DisableMetricExportContextCustomizer@2416498e, org.springframework.boot.test.autoconfigure.filter.TypeExcludeFiltersContextCustomizer@351584c0, org.springframework.boot.test.autoconfigure.properties.PropertyMappingContextCustomizer@6efeb894, org.springframework.boot.test.autoconfigure.web.servlet.WebDriverContextCustomizerFactory$Customizer@7c2b58c0, [ImportsContextCustomizer@1e1dbfe key = [org.springframework.boot.autoconfigure.cache.CacheAutoConfiguration, org.springframework.boot.autoconfigure.data.jpa.JpaRepositoriesAutoConfiguration, org.springframework.boot.autoconfigure.flyway.FlywayAutoConfiguration, org.springframework.boot.autoconfigure.jdbc.DataSourceAutoConfiguration, org.springframework.boot.autoconfigure.jdbc.DataSourceTransactionManagerAutoConfiguration, org.springframework.boot.autoconfigure.jdbc.JdbcTemplateAutoConfiguration, org.springframework.boot.autoconfigure.liquibase.LiquibaseAutoConfiguration, org.springframework.boot.autoconfigure.orm.jpa.HibernateJpaAutoConfiguration, org.springframework.boot.autoconfigure.transaction.TransactionAutoConfiguration, org.springframework.boot.test.autoconfigure.jdbc.TestDatabaseAutoConfiguration, org.springframework.boot.test.autoconfigure.orm.jpa.TestEntityManagerAutoConfiguration]], org.springframework.boot.test.context.filter.ExcludeFilterContextCustomizer@f288c14, org.springframework.boot.test.json.DuplicateJsonObjectContextCustomizerFactory$DuplicateJsonObjectContextCustomizer@17b6d426, org.springframework.boot.test.mock.mockito.MockitoContextCustomizer@0, org.springframework.boot.test.context.SpringBootTestArgs@1, org.springframework.boot.test.context.SpringBootTestWebEnvironment@0], contextLoader = 'org.springframework.boot.test.context.SpringBootContextLoader', parent = [null]], attributes = map['org.springframework.test.context.event.ApplicationEventsTestExecutionListener.recordApplicationEvents' -> false]]
]]></system-out>
  <system-err><![CDATA[]]></system-err>
</testsuite>
