<?xml version="1.0" encoding="UTF-8"?>
<testsuite name="ch.uzh.ifi.hase.soprafs23.service.UserServiceIntegrationTest" tests="2" skipped="0" failures="0" errors="0" timestamp="2023-05-22T12:55:09" hostname="ast-desktop" time="0.09">
  <properties/>
  <testcase name="createUser_validInputs_success()" classname="ch.uzh.ifi.hase.soprafs23.service.UserServiceIntegrationTest" time="0.056"/>
  <testcase name="createUser_duplicateUsername_throwsException()" classname="ch.uzh.ifi.hase.soprafs23.service.UserServiceIntegrationTest" time="0.033"/>
  <system-out><![CDATA[2023-05-22 14:55:08.674  INFO 19056 --- [    Test worker] .b.t.c.SpringBootTestContextBootstrapper : Neither @ContextConfiguration nor @ContextHierarchy found for test class [ch.uzh.ifi.hase.soprafs23.service.UserServiceIntegrationTest], using SpringBootContextLoader
2023-05-22 14:55:08.674  INFO 19056 --- [    Test worker] o.s.t.c.support.AbstractContextLoader    : Could not detect default resource locations for test class [ch.uzh.ifi.hase.soprafs23.service.UserServiceIntegrationTest]: no resource found for suffixes {-context.xml, Context.groovy}.
2023-05-22 14:55:08.675  INFO 19056 --- [    Test worker] t.c.s.AnnotationConfigContextLoaderUtils : Could not detect default configuration classes for test class [ch.uzh.ifi.hase.soprafs23.service.UserServiceIntegrationTest]: UserServiceIntegrationTest does not declare any static, non-private, non-final, nested classes annotated with @Configuration.
2023-05-22 14:55:08.679  INFO 19056 --- [    Test worker] .b.t.c.SpringBootTestContextBootstrapper : Found @SpringBootConfiguration ch.uzh.ifi.hase.soprafs23.Application for test class ch.uzh.ifi.hase.soprafs23.service.UserServiceIntegrationTest
2023-05-22 14:55:08.683  INFO 19056 --- [    Test worker] .b.t.c.SpringBootTestContextBootstrapper : Loaded default TestExecutionListener class names from location [META-INF/spring.factories]: [org.springframework.boot.test.autoconfigure.restdocs.RestDocsTestExecutionListener, org.springframework.boot.test.autoconfigure.web.client.MockRestServiceServerResetTestExecutionListener, org.springframework.boot.test.autoconfigure.web.servlet.MockMvcPrintOnlyOnFailureTestExecutionListener, org.springframework.boot.test.autoconfigure.web.servlet.WebDriverTestExecutionListener, org.springframework.boot.test.autoconfigure.webservices.client.MockWebServiceServerTestExecutionListener, org.springframework.boot.test.mock.mockito.MockitoTestExecutionListener, org.springframework.boot.test.mock.mockito.ResetMocksTestExecutionListener, org.springframework.test.context.web.ServletTestExecutionListener, org.springframework.test.context.support.DirtiesContextBeforeModesTestExecutionListener, org.springframework.test.context.event.ApplicationEventsTestExecutionListener, org.springframework.test.context.support.DependencyInjectionTestExecutionListener, org.springframework.test.context.support.DirtiesContextTestExecutionListener, org.springframework.test.context.transaction.TransactionalTestExecutionListener, org.springframework.test.context.jdbc.SqlScriptsTestExecutionListener, org.springframework.test.context.event.EventPublishingTestExecutionListener]
2023-05-22 14:55:08.684  INFO 19056 --- [    Test worker] .b.t.c.SpringBootTestContextBootstrapper : Using TestExecutionListeners: [org.springframework.test.context.web.ServletTestExecutionListener@5a92668c, org.springframework.test.context.support.DirtiesContextBeforeModesTestExecutionListener@4c479041, org.springframework.test.context.event.ApplicationEventsTestExecutionListener@7bdaec1d, org.springframework.boot.test.mock.mockito.MockitoTestExecutionListener@33299721, org.springframework.boot.test.autoconfigure.SpringBootDependencyInjectionTestExecutionListener@7a4631ce, org.springframework.test.context.support.DirtiesContextTestExecutionListener@af3735f, org.springframework.test.context.transaction.TransactionalTestExecutionListener@2665dc18, org.springframework.test.context.jdbc.SqlScriptsTestExecutionListener@598ac76a, org.springframework.test.context.event.EventPublishingTestExecutionListener@128955d4, org.springframework.boot.test.autoconfigure.restdocs.RestDocsTestExecutionListener@3f1b551, org.springframework.boot.test.autoconfigure.web.client.MockRestServiceServerResetTestExecutionListener@bfc2c2b, org.springframework.boot.test.autoconfigure.web.servlet.MockMvcPrintOnlyOnFailureTestExecutionListener@4c21ba9, org.springframework.boot.test.autoconfigure.web.servlet.WebDriverTestExecutionListener@5cbdc910, org.springframework.boot.test.autoconfigure.webservices.client.MockWebServiceServerTestExecutionListener@5268a4eb, org.springframework.boot.test.mock.mockito.ResetMocksTestExecutionListener@389f57f9]

  .   ____          _            __ _ _
 /\\ / ___'_ __ _ _(_)_ __  __ _ \ \ \ \
( ( )\___ | '_ | '_| | '_ \/ _` | \ \ \ \
 \\/  ___)| |_)| | | | | || (_| |  ) ) ) )
  '  |____| .__|_| |_|_| |_\__, | / / / /
 =========|_|==============|___/=/_/_/_/
 :: Spring Boot ::               (v2.4.13)

2023-05-22 14:55:08.695  INFO 19056 --- [    Test worker] c.u.i.h.s.s.UserServiceIntegrationTest   : Starting UserServiceIntegrationTest using Java 17.0.7 on ast-desktop with PID 19056 (started by heqing in /home/heqing/Downloads/SELAB/M3/server)
2023-05-22 14:55:08.696  INFO 19056 --- [    Test worker] c.u.i.h.s.s.UserServiceIntegrationTest   : No active profile set, falling back to default profiles: default
2023-05-22 14:55:08.836  INFO 19056 --- [    Test worker] .s.d.r.c.RepositoryConfigurationDelegate : Bootstrapping Spring Data JPA repositories in DEFAULT mode.
2023-05-22 14:55:08.844  INFO 19056 --- [    Test worker] .s.d.r.c.RepositoryConfigurationDelegate : Finished Spring Data repository scanning in 7 ms. Found 4 JPA repository interfaces.
2023-05-22 14:55:08.964  INFO 19056 --- [    Test worker] o.hibernate.jpa.internal.util.LogHelper  : HHH000204: Processing PersistenceUnitInfo [name: default]
2023-05-22 14:55:08.968  INFO 19056 --- [    Test worker] com.zaxxer.hikari.HikariDataSource       : HikariPool-1 - Starting...
2023-05-22 14:55:08.984  INFO 19056 --- [    Test worker] com.zaxxer.hikari.HikariDataSource       : HikariPool-1 - Start completed.
2023-05-22 14:55:08.989  INFO 19056 --- [    Test worker] org.hibernate.dialect.Dialect            : HHH000400: Using dialect: org.hibernate.dialect.H2Dialect
2023-05-22 14:55:09.062  INFO 19056 --- [    Test worker] o.h.e.t.j.p.i.JtaPlatformInitiator       : HHH000490: Using JtaPlatform implementation: [org.hibernate.engine.transaction.jta.platform.internal.NoJtaPlatform]
2023-05-22 14:55:09.062  INFO 19056 --- [    Test worker] j.LocalContainerEntityManagerFactoryBean : Initialized JPA EntityManagerFactory for persistence unit 'default'
2023-05-22 14:55:09.328  WARN 19056 --- [    Test worker] JpaBaseConfiguration$JpaWebConfiguration : spring.jpa.open-in-view is enabled by default. Therefore, database queries may be performed during view rendering. Explicitly configure spring.jpa.open-in-view to disable this warning
2023-05-22 14:55:09.386  INFO 19056 --- [    Test worker] o.s.b.a.h2.H2ConsoleAutoConfiguration    : H2 console available at '/h2-console'. Database available at 'jdbc:h2:mem:testdb'
2023-05-22 14:55:09.497  INFO 19056 --- [    Test worker] c.u.i.h.s.s.UserServiceIntegrationTest   : Started UserServiceIntegrationTest in 0.812 seconds (JVM running for 10.317)
]]></system-out>
  <system-err><![CDATA[]]></system-err>
</testsuite>
