<?xml version="1.0" encoding="UTF-8"?>
<testsuite name="ch.uzh.ifi.hase.soprafs23.controller.GameHistoryControllerTest" tests="4" skipped="0" failures="0" errors="0" timestamp="2023-05-22T12:55:02" hostname="ast-desktop" time="0.21">
  <properties/>
  <testcase name="getRecord_userNotNull()" classname="ch.uzh.ifi.hase.soprafs23.controller.GameHistoryControllerTest" time="0.176"/>
  <testcase name="getRecord_userIsNull()" classname="ch.uzh.ifi.hase.soprafs23.controller.GameHistoryControllerTest" time="0.01"/>
  <testcase name="getLatestRecord_userNotNull()" classname="ch.uzh.ifi.hase.soprafs23.controller.GameHistoryControllerTest" time="0.01"/>
  <testcase name="getLatestRecord_userIsNull()" classname="ch.uzh.ifi.hase.soprafs23.controller.GameHistoryControllerTest" time="0.008"/>
  <system-out><![CDATA[14:55:00.125 [Test worker] DEBUG org.springframework.test.context.BootstrapUtils - Instantiating CacheAwareContextLoaderDelegate from class [org.springframework.test.context.cache.DefaultCacheAwareContextLoaderDelegate]
14:55:00.143 [Test worker] DEBUG org.springframework.test.context.BootstrapUtils - Instantiating BootstrapContext using constructor [public org.springframework.test.context.support.DefaultBootstrapContext(java.lang.Class,org.springframework.test.context.CacheAwareContextLoaderDelegate)]
14:55:00.195 [Test worker] DEBUG org.springframework.test.context.BootstrapUtils - Instantiating TestContextBootstrapper for test class [ch.uzh.ifi.hase.soprafs23.controller.GameHistoryControllerTest] from class [org.springframework.boot.test.autoconfigure.web.servlet.WebMvcTestContextBootstrapper]
14:55:00.210 [Test worker] INFO org.springframework.boot.test.autoconfigure.web.servlet.WebMvcTestContextBootstrapper - Neither @ContextConfiguration nor @ContextHierarchy found for test class [ch.uzh.ifi.hase.soprafs23.controller.GameHistoryControllerTest], using SpringBootContextLoader
14:55:00.217 [Test worker] DEBUG org.springframework.test.context.support.AbstractContextLoader - Did not detect default resource location for test class [ch.uzh.ifi.hase.soprafs23.controller.GameHistoryControllerTest]: class path resource [ch/uzh/ifi/hase/soprafs23/controller/GameHistoryControllerTest-context.xml] does not exist
14:55:00.217 [Test worker] DEBUG org.springframework.test.context.support.AbstractContextLoader - Did not detect default resource location for test class [ch.uzh.ifi.hase.soprafs23.controller.GameHistoryControllerTest]: class path resource [ch/uzh/ifi/hase/soprafs23/controller/GameHistoryControllerTestContext.groovy] does not exist
14:55:00.217 [Test worker] INFO org.springframework.test.context.support.AbstractContextLoader - Could not detect default resource locations for test class [ch.uzh.ifi.hase.soprafs23.controller.GameHistoryControllerTest]: no resource found for suffixes {-context.xml, Context.groovy}.
14:55:00.218 [Test worker] INFO org.springframework.test.context.support.AnnotationConfigContextLoaderUtils - Could not detect default configuration classes for test class [ch.uzh.ifi.hase.soprafs23.controller.GameHistoryControllerTest]: GameHistoryControllerTest does not declare any static, non-private, non-final, nested classes annotated with @Configuration.
14:55:00.293 [Test worker] DEBUG org.springframework.test.context.support.ActiveProfilesUtils - Could not find an 'annotation declaring class' for annotation type [org.springframework.test.context.ActiveProfiles] and class [ch.uzh.ifi.hase.soprafs23.controller.GameHistoryControllerTest]
14:55:00.374 [Test worker] DEBUG org.springframework.context.annotation.ClassPathScanningCandidateComponentProvider - Identified candidate component class: file [/home/heqing/Downloads/SELAB/M3/server/build/classes/java/main/ch/uzh/ifi/hase/soprafs23/Application.class]
14:55:00.374 [Test worker] INFO org.springframework.boot.test.context.SpringBootTestContextBootstrapper - Found @SpringBootConfiguration ch.uzh.ifi.hase.soprafs23.Application for test class ch.uzh.ifi.hase.soprafs23.controller.GameHistoryControllerTest
14:55:00.377 [Test worker] DEBUG org.springframework.boot.test.autoconfigure.web.servlet.WebMvcTestContextBootstrapper - @TestExecutionListeners is not present for class [ch.uzh.ifi.hase.soprafs23.controller.GameHistoryControllerTest]: using defaults.
14:55:00.378 [Test worker] INFO org.springframework.boot.test.autoconfigure.web.servlet.WebMvcTestContextBootstrapper - Loaded default TestExecutionListener class names from location [META-INF/spring.factories]: [org.springframework.boot.test.autoconfigure.restdocs.RestDocsTestExecutionListener, org.springframework.boot.test.autoconfigure.web.client.MockRestServiceServerResetTestExecutionListener, org.springframework.boot.test.autoconfigure.web.servlet.MockMvcPrintOnlyOnFailureTestExecutionListener, org.springframework.boot.test.autoconfigure.web.servlet.WebDriverTestExecutionListener, org.springframework.boot.test.autoconfigure.webservices.client.MockWebServiceServerTestExecutionListener, org.springframework.boot.test.mock.mockito.MockitoTestExecutionListener, org.springframework.boot.test.mock.mockito.ResetMocksTestExecutionListener, org.springframework.test.context.web.ServletTestExecutionListener, org.springframework.test.context.support.DirtiesContextBeforeModesTestExecutionListener, org.springframework.test.context.event.ApplicationEventsTestExecutionListener, org.springframework.test.context.support.DependencyInjectionTestExecutionListener, org.springframework.test.context.support.DirtiesContextTestExecutionListener, org.springframework.test.context.transaction.TransactionalTestExecutionListener, org.springframework.test.context.jdbc.SqlScriptsTestExecutionListener, org.springframework.test.context.event.EventPublishingTestExecutionListener]
14:55:00.398 [Test worker] INFO org.springframework.boot.test.autoconfigure.web.servlet.WebMvcTestContextBootstrapper - Using TestExecutionListeners: [org.springframework.test.context.web.ServletTestExecutionListener@17ba57f0, org.springframework.test.context.support.DirtiesContextBeforeModesTestExecutionListener@3481ff98, org.springframework.test.context.event.ApplicationEventsTestExecutionListener@2ddb3ae8, org.springframework.boot.test.mock.mockito.MockitoTestExecutionListener@79518e00, org.springframework.boot.test.autoconfigure.SpringBootDependencyInjectionTestExecutionListener@3c91530d, org.springframework.test.context.support.DirtiesContextTestExecutionListener@7d70638, org.springframework.test.context.transaction.TransactionalTestExecutionListener@732f6050, org.springframework.test.context.jdbc.SqlScriptsTestExecutionListener@6fbc1bb, org.springframework.test.context.event.EventPublishingTestExecutionListener@30c4e352, org.springframework.boot.test.autoconfigure.restdocs.RestDocsTestExecutionListener@f1dd5b4, org.springframework.boot.test.autoconfigure.web.client.MockRestServiceServerResetTestExecutionListener@73809e7, org.springframework.boot.test.autoconfigure.web.servlet.MockMvcPrintOnlyOnFailureTestExecutionListener@5f96f6a2, org.springframework.boot.test.autoconfigure.web.servlet.WebDriverTestExecutionListener@48df4071, org.springframework.boot.test.autoconfigure.webservices.client.MockWebServiceServerTestExecutionListener@290e8cab, org.springframework.boot.test.mock.mockito.ResetMocksTestExecutionListener@6e3ecf5c]
14:55:00.402 [Test worker] DEBUG org.springframework.test.context.support.AbstractDirtiesContextTestExecutionListener - Before test class: context [DefaultTestContext@2b0dc227 testClass = GameHistoryControllerTest, testInstance = [null], testMethod = [null], testException = [null], mergedContextConfiguration = [WebMergedContextConfiguration@37ad042b testClass = GameHistoryControllerTest, locations = '{}', classes = '{class ch.uzh.ifi.hase.soprafs23.Application}', contextInitializerClasses = '[]', activeProfiles = '{}', propertySourceLocations = '{}', propertySourceProperties = '{org.springframework.boot.test.autoconfigure.web.servlet.WebMvcTestContextBootstrapper=true}', contextCustomizers = set[org.springframework.boot.test.autoconfigure.OverrideAutoConfigurationContextCustomizerFactory$DisableAutoConfigurationContextCustomizer@6631cb64, org.springframework.boot.test.autoconfigure.actuate.metrics.MetricsExportContextCustomizerFactory$DisableMetricExportContextCustomizer@3cbf1ba4, org.springframework.boot.test.autoconfigure.filter.TypeExcludeFiltersContextCustomizer@17cf4bfa, org.springframework.boot.test.autoconfigure.properties.PropertyMappingContextCustomizer@f9fb6ab4, org.springframework.boot.test.autoconfigure.web.servlet.WebDriverContextCustomizerFactory$Customizer@1729ec00, [ImportsContextCustomizer@43bdaa1b key = [org.springframework.boot.autoconfigure.cache.CacheAutoConfiguration, org.springframework.boot.autoconfigure.context.MessageSourceAutoConfiguration, org.springframework.boot.autoconfigure.data.web.SpringDataWebAutoConfiguration, org.springframework.boot.autoconfigure.freemarker.FreeMarkerAutoConfiguration, org.springframework.boot.autoconfigure.groovy.template.GroovyTemplateAutoConfiguration, org.springframework.boot.autoconfigure.gson.GsonAutoConfiguration, org.springframework.boot.autoconfigure.hateoas.HypermediaAutoConfiguration, org.springframework.boot.autoconfigure.http.HttpMessageConvertersAutoConfiguration, org.springframework.boot.autoconfigure.jackson.JacksonAutoConfiguration, org.springframework.boot.autoconfigure.jsonb.JsonbAutoConfiguration, org.springframework.boot.autoconfigure.mustache.MustacheAutoConfiguration, org.springframework.boot.autoconfigure.task.TaskExecutionAutoConfiguration, org.springframework.boot.autoconfigure.thymeleaf.ThymeleafAutoConfiguration, org.springframework.boot.autoconfigure.validation.ValidationAutoConfiguration, org.springframework.boot.autoconfigure.web.servlet.error.ErrorMvcAutoConfiguration, org.springframework.boot.autoconfigure.web.servlet.HttpEncodingAutoConfiguration, org.springframework.boot.autoconfigure.web.servlet.WebMvcAutoConfiguration, org.springframework.boot.test.autoconfigure.web.servlet.MockMvcAutoConfiguration, org.springframework.boot.test.autoconfigure.web.servlet.MockMvcWebClientAutoConfiguration, org.springframework.boot.test.autoconfigure.web.servlet.MockMvcWebDriverAutoConfiguration, org.springframework.boot.autoconfigure.security.oauth2.client.servlet.OAuth2ClientAutoConfiguration, org.springframework.boot.autoconfigure.security.oauth2.resource.servlet.OAuth2ResourceServerAutoConfiguration, org.springframework.boot.autoconfigure.security.servlet.SecurityAutoConfiguration, org.springframework.boot.autoconfigure.security.servlet.SecurityFilterAutoConfiguration, org.springframework.boot.autoconfigure.security.servlet.UserDetailsServiceAutoConfiguration, org.springframework.boot.test.autoconfigure.web.servlet.MockMvcSecurityConfiguration]], org.springframework.boot.test.context.filter.ExcludeFilterContextCustomizer@2a331b46, org.springframework.boot.test.json.DuplicateJsonObjectContextCustomizerFactory$DuplicateJsonObjectContextCustomizer@2241f05b, org.springframework.boot.test.mock.mockito.MockitoContextCustomizer@ea5b1d26, org.springframework.boot.test.context.SpringBootTestArgs@1, org.springframework.boot.test.context.SpringBootTestWebEnvironment@0], resourceBasePath = 'src/main/webapp', contextLoader = 'org.springframework.boot.test.context.SpringBootContextLoader', parent = [null]], attributes = map[[empty]]], class annotated with @DirtiesContext [false] with mode [null].
14:55:00.441 [Test worker] DEBUG org.springframework.test.context.support.TestPropertySourceUtils - Adding inlined properties to environment: {spring.jmx.enabled=false, org.springframework.boot.test.autoconfigure.web.servlet.WebMvcTestContextBootstrapper=true}

  .   ____          _            __ _ _
 /\\ / ___'_ __ _ _(_)_ __  __ _ \ \ \ \
( ( )\___ | '_ | '_| | '_ \/ _` | \ \ \ \
 \\/  ___)| |_)| | | | | || (_| |  ) ) ) )
  '  |____| .__|_| |_|_| |_\__, | / / / /
 =========|_|==============|___/=/_/_/_/
 :: Spring Boot ::               (v2.4.13)

2023-05-22 14:55:00.805  INFO 19056 --- [    Test worker] c.u.i.h.s.c.GameHistoryControllerTest    : Starting GameHistoryControllerTest using Java 17.0.7 on ast-desktop with PID 19056 (started by heqing in /home/heqing/Downloads/SELAB/M3/server)
2023-05-22 14:55:00.808  INFO 19056 --- [    Test worker] c.u.i.h.s.c.GameHistoryControllerTest    : No active profile set, falling back to default profiles: default
2023-05-22 14:55:02.324  INFO 19056 --- [    Test worker] o.s.b.t.m.w.SpringBootMockServletContext : Initializing Spring TestDispatcherServlet ''
2023-05-22 14:55:02.324  INFO 19056 --- [    Test worker] o.s.t.web.servlet.TestDispatcherServlet  : Initializing Servlet ''
2023-05-22 14:55:02.325  INFO 19056 --- [    Test worker] o.s.t.web.servlet.TestDispatcherServlet  : Completed initialization in 1 ms
2023-05-22 14:55:02.363  INFO 19056 --- [    Test worker] c.u.i.h.s.c.GameHistoryControllerTest    : Started GameHistoryControllerTest in 1.913 seconds (JVM running for 3.182)
]]></system-out>
  <system-err><![CDATA[]]></system-err>
</testsuite>
