<?xml version="1.0" encoding="UTF-8"?>
<testsuite name="ch.uzh.ifi.hase.soprafs23.service.GameHistoryServiceTest" tests="4" skipped="0" failures="0" errors="0" timestamp="2023-05-22T12:55:08" hostname="ast-desktop" time="0.048">
  <properties/>
  <testcase name="getGameHistory_notEmpty()" classname="ch.uzh.ifi.hase.soprafs23.service.GameHistoryServiceTest" time="0.044"/>
  <testcase name="getLatestGameHistory_notEmpty()" classname="ch.uzh.ifi.hase.soprafs23.service.GameHistoryServiceTest" time="0.001"/>
  <testcase name="getGameHistory_isEmpty()" classname="ch.uzh.ifi.hase.soprafs23.service.GameHistoryServiceTest" time="0.001"/>
  <testcase name="getLatestGameHistory_isEmpty()" classname="ch.uzh.ifi.hase.soprafs23.service.GameHistoryServiceTest" time="0.001"/>
  <system-out><![CDATA[]]></system-out>
  <system-err><![CDATA[]]></system-err>
</testsuite>
