<?xml version="1.0" encoding="UTF-8"?>
<testsuite name="ch.uzh.ifi.hase.soprafs23.controller.GameUnderCoverControllerTest" tests="1" skipped="0" failures="0" errors="0" timestamp="2023-04-18T20:09:47" hostname="ast-desktop" time="0.074">
  <properties/>
  <testcase name="createGame_validInput_gameCreated()" classname="ch.uzh.ifi.hase.soprafs23.controller.GameUnderCoverControllerTest" time="0.074"/>
  <system-out><![CDATA[2023-04-18 22:09:47.742  INFO 36561 --- [    Test worker] o.s.mock.web.MockServletContext          : Initializing Spring TestDispatcherServlet ''
2023-04-18 22:09:47.742  INFO 36561 --- [    Test worker] o.s.t.web.servlet.TestDispatcherServlet  : Initializing Servlet ''
2023-04-18 22:09:47.742  INFO 36561 --- [    Test worker] o.s.t.web.servlet.TestDispatcherServlet  : Completed initialization in 0 ms
]]></system-out>
  <system-err><![CDATA[]]></system-err>
</testsuite>
