<?xml version="1.0" encoding="UTF-8"?>
<testsuite name="ch.uzh.ifi.hase.soprafs23.service.UCServiceTest" tests="13" skipped="0" failures="0" errors="0" timestamp="2023-05-22T12:55:08" hostname="ast-desktop" time="0.555">
  <properties/>
  <testcase name="testDescribeRoundEnd()" classname="ch.uzh.ifi.hase.soprafs23.service.UCServiceTest" time="0.022"/>
  <testcase name="testCreateGameExisting()" classname="ch.uzh.ifi.hase.soprafs23.service.UCServiceTest" time="0.415"/>
  <testcase name="testVoteIfGameEnds()" classname="ch.uzh.ifi.hase.soprafs23.service.UCServiceTest" time="0.001"/>
  <testcase name="testCreateGameHistory()" classname="ch.uzh.ifi.hase.soprafs23.service.UCServiceTest" time="0.002"/>
  <testcase name="testGetGameById()" classname="ch.uzh.ifi.hase.soprafs23.service.UCServiceTest" time="0.001"/>
  <testcase name="testCreateGameNew()" classname="ch.uzh.ifi.hase.soprafs23.service.UCServiceTest" time="0.102"/>
  <testcase name="testGameEndsSettingUndercoverLose()" classname="ch.uzh.ifi.hase.soprafs23.service.UCServiceTest" time="0.001"/>
  <testcase name="testVoteAndCheckIfEndsTrue()" classname="ch.uzh.ifi.hase.soprafs23.service.UCServiceTest" time="0.0"/>
  <testcase name="testGetCurrentPlayer()" classname="ch.uzh.ifi.hase.soprafs23.service.UCServiceTest" time="0.001"/>
  <testcase name="testVoteIfGameContinues()" classname="ch.uzh.ifi.hase.soprafs23.service.UCServiceTest" time="0.001"/>
  <testcase name="testGameEndsSettingUndercoverWin()" classname="ch.uzh.ifi.hase.soprafs23.service.UCServiceTest" time="0.001"/>
  <testcase name="testGetOutUsers()" classname="ch.uzh.ifi.hase.soprafs23.service.UCServiceTest" time="0.001"/>
  <testcase name="testDescribe_GameStatus_Describing_and_Voting()" classname="ch.uzh.ifi.hase.soprafs23.service.UCServiceTest" time="0.002"/>
  <system-out><![CDATA[1
[n]
[n]
[n]
[n]
[n]
[n]
[n]
[n]
[n]
[n]
[n]
[n]
[n]
[n]
[n]
[n]
[n]
[n]
[n]
[n]
[n]
1
[n]
[n]
[n]
[n]
[n]
[n]
[n]
[n]
[n]
[n]
[n]
[n]
            null        1
            null        null
]]></system-out>
  <system-err><![CDATA[]]></system-err>
</testsuite>
