<?xml version="1.0" encoding="UTF-8"?>
<testsuite name="ch.uzh.ifi.hase.soprafs23.rest.mapper.DTOMapperTest" tests="2" skipped="0" failures="0" errors="0" timestamp="2023-04-18T20:09:49" hostname="ast-desktop" time="0.001">
  <properties/>
  <testcase name="testCreateUser_fromUserPostDTO_toUser_success()" classname="ch.uzh.ifi.hase.soprafs23.rest.mapper.DTOMapperTest" time="0.0"/>
  <testcase name="testGetUser_fromUser_toUserGetDTO_success()" classname="ch.uzh.ifi.hase.soprafs23.rest.mapper.DTOMapperTest" time="0.0"/>
  <system-out><![CDATA[]]></system-out>
  <system-err><![CDATA[]]></system-err>
</testsuite>
