<?xml version="1.0" encoding="UTF-8"?>
<testsuite name="ch.uzh.ifi.hase.soprafs23.service.UCServiceTest" tests="1" skipped="0" failures="0" errors="0" timestamp="2023-04-18T20:09:49" hostname="ast-desktop" time="0.031">
  <properties/>
  <testcase name="createGame_validInput_gameCreated()" classname="ch.uzh.ifi.hase.soprafs23.service.UCServiceTest" time="0.031"/>
  <system-out><![CDATA[]]></system-out>
  <system-err><![CDATA[]]></system-err>
</testsuite>
