<?xml version="1.0" encoding="UTF-8"?>
<testsuite name="ch.uzh.ifi.hase.soprafs23.controller.GameSudokuControllerTest" tests="2" skipped="0" failures="0" errors="0" timestamp="2023-05-22T12:55:03" hostname="ast-desktop" time="1.991">
  <properties/>
  <testcase name="testGetQuestion()" classname="ch.uzh.ifi.hase.soprafs23.controller.GameSudokuControllerTest" time="1.975"/>
  <testcase name="testValidateAnswer_ValidAnswer()" classname="ch.uzh.ifi.hase.soprafs23.controller.GameSudokuControllerTest" time="0.014"/>
  <system-out><![CDATA[2023-05-22 14:55:02.590  INFO 19056 --- [    Test worker] .b.t.a.w.s.WebMvcTestContextBootstrapper : Neither @ContextConfiguration nor @ContextHierarchy found for test class [ch.uzh.ifi.hase.soprafs23.controller.GameSudokuControllerTest], using SpringBootContextLoader
2023-05-22 14:55:02.591  INFO 19056 --- [    Test worker] o.s.t.c.support.AbstractContextLoader    : Could not detect default resource locations for test class [ch.uzh.ifi.hase.soprafs23.controller.GameSudokuControllerTest]: no resource found for suffixes {-context.xml, Context.groovy}.
2023-05-22 14:55:02.591  INFO 19056 --- [    Test worker] t.c.s.AnnotationConfigContextLoaderUtils : Could not detect default configuration classes for test class [ch.uzh.ifi.hase.soprafs23.controller.GameSudokuControllerTest]: GameSudokuControllerTest does not declare any static, non-private, non-final, nested classes annotated with @Configuration.
2023-05-22 14:55:02.599  INFO 19056 --- [    Test worker] .b.t.c.SpringBootTestContextBootstrapper : Found @SpringBootConfiguration ch.uzh.ifi.hase.soprafs23.Application for test class ch.uzh.ifi.hase.soprafs23.controller.GameSudokuControllerTest
2023-05-22 14:55:02.602  INFO 19056 --- [    Test worker] .b.t.a.w.s.WebMvcTestContextBootstrapper : Loaded default TestExecutionListener class names from location [META-INF/spring.factories]: [org.springframework.boot.test.autoconfigure.restdocs.RestDocsTestExecutionListener, org.springframework.boot.test.autoconfigure.web.client.MockRestServiceServerResetTestExecutionListener, org.springframework.boot.test.autoconfigure.web.servlet.MockMvcPrintOnlyOnFailureTestExecutionListener, org.springframework.boot.test.autoconfigure.web.servlet.WebDriverTestExecutionListener, org.springframework.boot.test.autoconfigure.webservices.client.MockWebServiceServerTestExecutionListener, org.springframework.boot.test.mock.mockito.MockitoTestExecutionListener, org.springframework.boot.test.mock.mockito.ResetMocksTestExecutionListener, org.springframework.test.context.web.ServletTestExecutionListener, org.springframework.test.context.support.DirtiesContextBeforeModesTestExecutionListener, org.springframework.test.context.event.ApplicationEventsTestExecutionListener, org.springframework.test.context.support.DependencyInjectionTestExecutionListener, org.springframework.test.context.support.DirtiesContextTestExecutionListener, org.springframework.test.context.transaction.TransactionalTestExecutionListener, org.springframework.test.context.jdbc.SqlScriptsTestExecutionListener, org.springframework.test.context.event.EventPublishingTestExecutionListener]
2023-05-22 14:55:02.604  INFO 19056 --- [    Test worker] .b.t.a.w.s.WebMvcTestContextBootstrapper : Using TestExecutionListeners: [org.springframework.test.context.web.ServletTestExecutionListener@5f3fa154, org.springframework.test.context.support.DirtiesContextBeforeModesTestExecutionListener@6193340e, org.springframework.test.context.event.ApplicationEventsTestExecutionListener@3bced0d2, org.springframework.boot.test.mock.mockito.MockitoTestExecutionListener@158774d3, org.springframework.boot.test.autoconfigure.SpringBootDependencyInjectionTestExecutionListener@37905236, org.springframework.test.context.support.DirtiesContextTestExecutionListener@4fdb338e, org.springframework.test.context.transaction.TransactionalTestExecutionListener@2de22e7, org.springframework.test.context.jdbc.SqlScriptsTestExecutionListener@2c51ff83, org.springframework.test.context.event.EventPublishingTestExecutionListener@196519dd, org.springframework.boot.test.autoconfigure.restdocs.RestDocsTestExecutionListener@f341e3c, org.springframework.boot.test.autoconfigure.web.client.MockRestServiceServerResetTestExecutionListener@7c8ecc27, org.springframework.boot.test.autoconfigure.web.servlet.MockMvcPrintOnlyOnFailureTestExecutionListener@5f8089d2, org.springframework.boot.test.autoconfigure.web.servlet.WebDriverTestExecutionListener@6e1ac80e, org.springframework.boot.test.autoconfigure.webservices.client.MockWebServiceServerTestExecutionListener@4170ee0f, org.springframework.boot.test.mock.mockito.ResetMocksTestExecutionListener@4b95fdf2]

  .   ____          _            __ _ _
 /\\ / ___'_ __ _ _(_)_ __  __ _ \ \ \ \
( ( )\___ | '_ | '_| | '_ \/ _` | \ \ \ \
 \\/  ___)| |_)| | | | | || (_| |  ) ) ) )
  '  |____| .__|_| |_|_| |_\__, | / / / /
 =========|_|==============|___/=/_/_/_/
 :: Spring Boot ::               (v2.4.13)

2023-05-22 14:55:02.658  INFO 19056 --- [    Test worker] c.u.i.h.s.c.GameSudokuControllerTest     : Starting GameSudokuControllerTest using Java 17.0.7 on ast-desktop with PID 19056 (started by heqing in /home/heqing/Downloads/SELAB/M3/server)
2023-05-22 14:55:02.660  INFO 19056 --- [    Test worker] c.u.i.h.s.c.GameSudokuControllerTest     : No active profile set, falling back to default profiles: default
2023-05-22 14:55:03.022  INFO 19056 --- [    Test worker] o.s.b.t.m.w.SpringBootMockServletContext : Initializing Spring TestDispatcherServlet ''
2023-05-22 14:55:03.022  INFO 19056 --- [    Test worker] o.s.t.web.servlet.TestDispatcherServlet  : Initializing Servlet ''
2023-05-22 14:55:03.022  INFO 19056 --- [    Test worker] o.s.t.web.servlet.TestDispatcherServlet  : Completed initialization in 0 ms
2023-05-22 14:55:03.032  INFO 19056 --- [    Test worker] c.u.i.h.s.c.GameSudokuControllerTest     : Started GameSudokuControllerTest in 0.403 seconds (JVM running for 3.852)
]]></system-out>
  <system-err><![CDATA[]]></system-err>
</testsuite>
