<?xml version="1.0" encoding="UTF-8"?>
<testsuite name="ch.uzh.ifi.hase.soprafs23.controller.RoomControllerTest" tests="6" skipped="0" failures="0" errors="0" timestamp="2023-05-22T12:55:05" hostname="ast-desktop" time="0.052">
  <properties/>
  <testcase name="leaveARoom_valid_input()" classname="ch.uzh.ifi.hase.soprafs23.controller.RoomControllerTest" time="0.011"/>
  <testcase name="findARoomUndercover()" classname="ch.uzh.ifi.hase.soprafs23.controller.RoomControllerTest" time="0.004"/>
  <testcase name="createARoom_valid_input()" classname="ch.uzh.ifi.hase.soprafs23.controller.RoomControllerTest" time="0.015"/>
  <testcase name="findAllRoomsUndercover()" classname="ch.uzh.ifi.hase.soprafs23.controller.RoomControllerTest" time="0.005"/>
  <testcase name="joinARoom_valid_input()" classname="ch.uzh.ifi.hase.soprafs23.controller.RoomControllerTest" time="0.007"/>
  <testcase name="deleteARoom_valid_input()" classname="ch.uzh.ifi.hase.soprafs23.controller.RoomControllerTest" time="0.004"/>
  <system-out><![CDATA[2023-05-22 14:55:05.204  INFO 19056 --- [    Test worker] .b.t.a.w.s.WebMvcTestContextBootstrapper : Neither @ContextConfiguration nor @ContextHierarchy found for test class [ch.uzh.ifi.hase.soprafs23.controller.RoomControllerTest], using SpringBootContextLoader
2023-05-22 14:55:05.205  INFO 19056 --- [    Test worker] o.s.t.c.support.AbstractContextLoader    : Could not detect default resource locations for test class [ch.uzh.ifi.hase.soprafs23.controller.RoomControllerTest]: no resource found for suffixes {-context.xml, Context.groovy}.
2023-05-22 14:55:05.205  INFO 19056 --- [    Test worker] t.c.s.AnnotationConfigContextLoaderUtils : Could not detect default configuration classes for test class [ch.uzh.ifi.hase.soprafs23.controller.RoomControllerTest]: RoomControllerTest does not declare any static, non-private, non-final, nested classes annotated with @Configuration.
2023-05-22 14:55:05.207  INFO 19056 --- [    Test worker] .b.t.c.SpringBootTestContextBootstrapper : Found @SpringBootConfiguration ch.uzh.ifi.hase.soprafs23.Application for test class ch.uzh.ifi.hase.soprafs23.controller.RoomControllerTest
2023-05-22 14:55:05.208  INFO 19056 --- [    Test worker] .b.t.a.w.s.WebMvcTestContextBootstrapper : Loaded default TestExecutionListener class names from location [META-INF/spring.factories]: [org.springframework.boot.test.autoconfigure.restdocs.RestDocsTestExecutionListener, org.springframework.boot.test.autoconfigure.web.client.MockRestServiceServerResetTestExecutionListener, org.springframework.boot.test.autoconfigure.web.servlet.MockMvcPrintOnlyOnFailureTestExecutionListener, org.springframework.boot.test.autoconfigure.web.servlet.WebDriverTestExecutionListener, org.springframework.boot.test.autoconfigure.webservices.client.MockWebServiceServerTestExecutionListener, org.springframework.boot.test.mock.mockito.MockitoTestExecutionListener, org.springframework.boot.test.mock.mockito.ResetMocksTestExecutionListener, org.springframework.test.context.web.ServletTestExecutionListener, org.springframework.test.context.support.DirtiesContextBeforeModesTestExecutionListener, org.springframework.test.context.event.ApplicationEventsTestExecutionListener, org.springframework.test.context.support.DependencyInjectionTestExecutionListener, org.springframework.test.context.support.DirtiesContextTestExecutionListener, org.springframework.test.context.transaction.TransactionalTestExecutionListener, org.springframework.test.context.jdbc.SqlScriptsTestExecutionListener, org.springframework.test.context.event.EventPublishingTestExecutionListener]
2023-05-22 14:55:05.208  INFO 19056 --- [    Test worker] .b.t.a.w.s.WebMvcTestContextBootstrapper : Using TestExecutionListeners: [org.springframework.test.context.web.ServletTestExecutionListener@fafbc63, org.springframework.test.context.support.DirtiesContextBeforeModesTestExecutionListener@f083345, org.springframework.test.context.event.ApplicationEventsTestExecutionListener@391720c3, org.springframework.boot.test.mock.mockito.MockitoTestExecutionListener@6559f04e, org.springframework.boot.test.autoconfigure.SpringBootDependencyInjectionTestExecutionListener@17e71422, org.springframework.test.context.support.DirtiesContextTestExecutionListener@59bb8f80, org.springframework.test.context.transaction.TransactionalTestExecutionListener@592aad4c, org.springframework.test.context.jdbc.SqlScriptsTestExecutionListener@735beda7, org.springframework.test.context.event.EventPublishingTestExecutionListener@5cb2a1ea, org.springframework.boot.test.autoconfigure.restdocs.RestDocsTestExecutionListener@59f0f273, org.springframework.boot.test.autoconfigure.web.client.MockRestServiceServerResetTestExecutionListener@553c74cc, org.springframework.boot.test.autoconfigure.web.servlet.MockMvcPrintOnlyOnFailureTestExecutionListener@79a68d19, org.springframework.boot.test.autoconfigure.web.servlet.WebDriverTestExecutionListener@3052ce36, org.springframework.boot.test.autoconfigure.webservices.client.MockWebServiceServerTestExecutionListener@6eefc125, org.springframework.boot.test.mock.mockito.ResetMocksTestExecutionListener@58435220]

  .   ____          _            __ _ _
 /\\ / ___'_ __ _ _(_)_ __  __ _ \ \ \ \
( ( )\___ | '_ | '_| | '_ \/ _` | \ \ \ \
 \\/  ___)| |_)| | | | | || (_| |  ) ) ) )
  '  |____| .__|_| |_|_| |_\__, | / / / /
 =========|_|==============|___/=/_/_/_/
 :: Spring Boot ::               (v2.4.13)

2023-05-22 14:55:05.224  INFO 19056 --- [    Test worker] c.u.i.h.s.controller.RoomControllerTest  : Starting RoomControllerTest using Java 17.0.7 on ast-desktop with PID 19056 (started by heqing in /home/heqing/Downloads/SELAB/M3/server)
2023-05-22 14:55:05.224  INFO 19056 --- [    Test worker] c.u.i.h.s.controller.RoomControllerTest  : No active profile set, falling back to default profiles: default
2023-05-22 14:55:05.472  INFO 19056 --- [    Test worker] o.s.b.t.m.w.SpringBootMockServletContext : Initializing Spring TestDispatcherServlet ''
2023-05-22 14:55:05.473  INFO 19056 --- [    Test worker] o.s.t.web.servlet.TestDispatcherServlet  : Initializing Servlet ''
2023-05-22 14:55:05.473  INFO 19056 --- [    Test worker] o.s.t.web.servlet.TestDispatcherServlet  : Completed initialization in 0 ms
2023-05-22 14:55:05.482  INFO 19056 --- [    Test worker] c.u.i.h.s.controller.RoomControllerTest  : Started RoomControllerTest in 0.272 seconds (JVM running for 6.302)
/undercover/rooms/{id}
------------roomInput------------
gamename: under cover
ownerid: 1
/undercover/rooms/{id}
/undercover/rooms/{id}
]]></system-out>
  <system-err><![CDATA[]]></system-err>
</testsuite>
