<?xml version="1.0" encoding="UTF-8"?>
<testsuite name="ch.uzh.ifi.hase.soprafs23.controller.UserControllerTest" tests="23" skipped="0" failures="0" errors="0" timestamp="2023-05-22T12:55:05" hostname="ast-desktop" time="0.469">
  <properties/>
  <testcase name="validateInvitedUserName_success()" classname="ch.uzh.ifi.hase.soprafs23.controller.UserControllerTest" time="0.006"/>
  <testcase name="givenUsers_whenGetUsers_thenReturnJsonArray()" classname="ch.uzh.ifi.hase.soprafs23.controller.UserControllerTest" time="0.008"/>
  <testcase name="createUser_validInput_userCreated()" classname="ch.uzh.ifi.hase.soprafs23.controller.UserControllerTest" time="0.007"/>
  <testcase name="updateUser_validInput()" classname="ch.uzh.ifi.hase.soprafs23.controller.UserControllerTest" time="0.009"/>
  <testcase name="getCommunityranking_success()" classname="ch.uzh.ifi.hase.soprafs23.controller.UserControllerTest" time="0.004"/>
  <testcase name="getUser_invalidInput_userNotFound()" classname="ch.uzh.ifi.hase.soprafs23.controller.UserControllerTest" time="0.003"/>
  <testcase name="addFriends_conflict()" classname="ch.uzh.ifi.hase.soprafs23.controller.UserControllerTest" time="0.003"/>
  <testcase name="updateUser_getUserProfileImage_userIsNull()" classname="ch.uzh.ifi.hase.soprafs23.controller.UserControllerTest" time="0.004"/>
  <testcase name="updateUser_getUserProfileImage_fileNameIsNull()" classname="ch.uzh.ifi.hase.soprafs23.controller.UserControllerTest" time="0.004"/>
  <testcase name="getWaitFriends_success()" classname="ch.uzh.ifi.hase.soprafs23.controller.UserControllerTest" time="0.004"/>
  <testcase name="login_success()" classname="ch.uzh.ifi.hase.soprafs23.controller.UserControllerTest" time="0.004"/>
  <testcase name="updateUser_userNameLengthGreaterThanNull()" classname="ch.uzh.ifi.hase.soprafs23.controller.UserControllerTest" time="0.003"/>
  <testcase name="updateUser_userNotFound()" classname="ch.uzh.ifi.hase.soprafs23.controller.UserControllerTest" time="0.003"/>
  <testcase name="getGlobalranking_success()" classname="ch.uzh.ifi.hase.soprafs23.controller.UserControllerTest" time="0.003"/>
  <testcase name="getUser_validInput_userReturned()" classname="ch.uzh.ifi.hase.soprafs23.controller.UserControllerTest" time="0.003"/>
  <testcase name="addFriends_success()" classname="ch.uzh.ifi.hase.soprafs23.controller.UserControllerTest" time="0.004"/>
  <testcase name="addFriends_user1IsNull()" classname="ch.uzh.ifi.hase.soprafs23.controller.UserControllerTest" time="0.005"/>
  <testcase name="addFriend_validInput_friendsAdded()" classname="ch.uzh.ifi.hase.soprafs23.controller.UserControllerTest" time="0.005"/>
  <testcase name="getFriends_success()" classname="ch.uzh.ifi.hase.soprafs23.controller.UserControllerTest" time="0.003"/>
  <testcase name="getSingleUser_notFound()" classname="ch.uzh.ifi.hase.soprafs23.controller.UserControllerTest" time="0.003"/>
  <testcase name="updateUser_getUserProfileImage_blobIsNull()" classname="ch.uzh.ifi.hase.soprafs23.controller.UserControllerTest" time="0.353"/>
  <testcase name="createUser_invalidInput_usernameTaken()" classname="ch.uzh.ifi.hase.soprafs23.controller.UserControllerTest" time="0.005"/>
  <testcase name="addFriends_user2IsNull()" classname="ch.uzh.ifi.hase.soprafs23.controller.UserControllerTest" time="0.003"/>
  <system-out><![CDATA[2023-05-22 14:55:05.540  INFO 19056 --- [    Test worker] .b.t.a.w.s.WebMvcTestContextBootstrapper : Neither @ContextConfiguration nor @ContextHierarchy found for test class [ch.uzh.ifi.hase.soprafs23.controller.UserControllerTest], using SpringBootContextLoader
2023-05-22 14:55:05.540  INFO 19056 --- [    Test worker] o.s.t.c.support.AbstractContextLoader    : Could not detect default resource locations for test class [ch.uzh.ifi.hase.soprafs23.controller.UserControllerTest]: no resource found for suffixes {-context.xml, Context.groovy}.
2023-05-22 14:55:05.540  INFO 19056 --- [    Test worker] t.c.s.AnnotationConfigContextLoaderUtils : Could not detect default configuration classes for test class [ch.uzh.ifi.hase.soprafs23.controller.UserControllerTest]: UserControllerTest does not declare any static, non-private, non-final, nested classes annotated with @Configuration.
2023-05-22 14:55:05.543  INFO 19056 --- [    Test worker] .b.t.c.SpringBootTestContextBootstrapper : Found @SpringBootConfiguration ch.uzh.ifi.hase.soprafs23.Application for test class ch.uzh.ifi.hase.soprafs23.controller.UserControllerTest
2023-05-22 14:55:05.544  INFO 19056 --- [    Test worker] .b.t.a.w.s.WebMvcTestContextBootstrapper : Loaded default TestExecutionListener class names from location [META-INF/spring.factories]: [org.springframework.boot.test.autoconfigure.restdocs.RestDocsTestExecutionListener, org.springframework.boot.test.autoconfigure.web.client.MockRestServiceServerResetTestExecutionListener, org.springframework.boot.test.autoconfigure.web.servlet.MockMvcPrintOnlyOnFailureTestExecutionListener, org.springframework.boot.test.autoconfigure.web.servlet.WebDriverTestExecutionListener, org.springframework.boot.test.autoconfigure.webservices.client.MockWebServiceServerTestExecutionListener, org.springframework.boot.test.mock.mockito.MockitoTestExecutionListener, org.springframework.boot.test.mock.mockito.ResetMocksTestExecutionListener, org.springframework.test.context.web.ServletTestExecutionListener, org.springframework.test.context.support.DirtiesContextBeforeModesTestExecutionListener, org.springframework.test.context.event.ApplicationEventsTestExecutionListener, org.springframework.test.context.support.DependencyInjectionTestExecutionListener, org.springframework.test.context.support.DirtiesContextTestExecutionListener, org.springframework.test.context.transaction.TransactionalTestExecutionListener, org.springframework.test.context.jdbc.SqlScriptsTestExecutionListener, org.springframework.test.context.event.EventPublishingTestExecutionListener]
2023-05-22 14:55:05.544  INFO 19056 --- [    Test worker] .b.t.a.w.s.WebMvcTestContextBootstrapper : Using TestExecutionListeners: [org.springframework.test.context.web.ServletTestExecutionListener@6bcc277a, org.springframework.test.context.support.DirtiesContextBeforeModesTestExecutionListener@321f97d9, org.springframework.test.context.event.ApplicationEventsTestExecutionListener@3a4e3343, org.springframework.boot.test.mock.mockito.MockitoTestExecutionListener@64e06cf0, org.springframework.boot.test.autoconfigure.SpringBootDependencyInjectionTestExecutionListener@6e9d60e1, org.springframework.test.context.support.DirtiesContextTestExecutionListener@207283b4, org.springframework.test.context.transaction.TransactionalTestExecutionListener@6b6d68d2, org.springframework.test.context.jdbc.SqlScriptsTestExecutionListener@c8d0ea3, org.springframework.test.context.event.EventPublishingTestExecutionListener@912fdbb, org.springframework.boot.test.autoconfigure.restdocs.RestDocsTestExecutionListener@3d49b00e, org.springframework.boot.test.autoconfigure.web.client.MockRestServiceServerResetTestExecutionListener@3d62648d, org.springframework.boot.test.autoconfigure.web.servlet.MockMvcPrintOnlyOnFailureTestExecutionListener@59fe8d94, org.springframework.boot.test.autoconfigure.web.servlet.WebDriverTestExecutionListener@479f5c35, org.springframework.boot.test.autoconfigure.webservices.client.MockWebServiceServerTestExecutionListener@37264d08, org.springframework.boot.test.mock.mockito.ResetMocksTestExecutionListener@194e116d]

  .   ____          _            __ _ _
 /\\ / ___'_ __ _ _(_)_ __  __ _ \ \ \ \
( ( )\___ | '_ | '_| | '_ \/ _` | \ \ \ \
 \\/  ___)| |_)| | | | | || (_| |  ) ) ) )
  '  |____| .__|_| |_|_| |_\__, | / / / /
 =========|_|==============|___/=/_/_/_/
 :: Spring Boot ::               (v2.4.13)

2023-05-22 14:55:05.558  INFO 19056 --- [    Test worker] c.u.i.h.s.controller.UserControllerTest  : Starting UserControllerTest using Java 17.0.7 on ast-desktop with PID 19056 (started by heqing in /home/heqing/Downloads/SELAB/M3/server)
2023-05-22 14:55:05.558  INFO 19056 --- [    Test worker] c.u.i.h.s.controller.UserControllerTest  : No active profile set, falling back to default profiles: default
2023-05-22 14:55:05.781  INFO 19056 --- [    Test worker] o.s.b.t.m.w.SpringBootMockServletContext : Initializing Spring TestDispatcherServlet ''
2023-05-22 14:55:05.782  INFO 19056 --- [    Test worker] o.s.t.web.servlet.TestDispatcherServlet  : Initializing Servlet ''
2023-05-22 14:55:05.782  INFO 19056 --- [    Test worker] o.s.t.web.servlet.TestDispatcherServlet  : Completed initialization in 0 ms
2023-05-22 14:55:05.790  INFO 19056 --- [    Test worker] c.u.i.h.s.controller.UserControllerTest  : Started UserControllerTest in 0.243 seconds (JVM running for 6.61)
inviting
user 1
]]></system-out>
  <system-err><![CDATA[]]></system-err>
</testsuite>
