<?xml version="1.0" encoding="UTF-8"?>
<testsuite name="ch.uzh.ifi.hase.soprafs23.service.RoomServiceTest" tests="8" skipped="0" failures="0" errors="0" timestamp="2023-05-22T12:55:08" hostname="ast-desktop" time="0.017">
  <properties/>
  <testcase name="testGetARoom()" classname="ch.uzh.ifi.hase.soprafs23.service.RoomServiceTest" time="0.002"/>
  <testcase name="testJoinARoom_Success()" classname="ch.uzh.ifi.hase.soprafs23.service.RoomServiceTest" time="0.001"/>
  <testcase name="testJoinARoom_GameAlreadyStarted()" classname="ch.uzh.ifi.hase.soprafs23.service.RoomServiceTest" time="0.002"/>
  <testcase name="testGetAllRoom()" classname="ch.uzh.ifi.hase.soprafs23.service.RoomServiceTest" time="0.001"/>
  <testcase name="testCreateRoom()" classname="ch.uzh.ifi.hase.soprafs23.service.RoomServiceTest" time="0.003"/>
  <testcase name="testGetRoomById()" classname="ch.uzh.ifi.hase.soprafs23.service.RoomServiceTest" time="0.001"/>
  <testcase name="testDeleteARoom_Success()" classname="ch.uzh.ifi.hase.soprafs23.service.RoomServiceTest" time="0.001"/>
  <testcase name="testLeaveARoom_Success()" classname="ch.uzh.ifi.hase.soprafs23.service.RoomServiceTest" time="0.001"/>
  <system-out><![CDATA[2023-05-22 14:55:08.107  INFO 19056 --- [    Test worker] c.u.i.h.soprafs23.service.RoomService    : find Information for all Rooms: [ch.uzh.ifi.hase.soprafs23.entity.Room@eb5010a]
name
test room
creating a room
ch.uzh.ifi.hase.soprafs23.entity.Room@1b776aa7
name
test room
creating a room
null
----------room players----------
]]></system-out>
  <system-err><![CDATA[]]></system-err>
</testsuite>
