<?xml version="1.0" encoding="UTF-8"?>
<testsuite name="ch.uzh.ifi.hase.soprafs23.controller.GameUnderCoverControllerTest" tests="7" skipped="0" failures="0" errors="0" timestamp="2023-05-22T12:55:05" hostname="ast-desktop" time="0.169">
  <properties/>
  <testcase name="vote_votedUserAlreadyOut_throwsForbidden()" classname="ch.uzh.ifi.hase.soprafs23.controller.GameUnderCoverControllerTest" time="0.078"/>
  <testcase name="describe_validInput_gameUpdated()" classname="ch.uzh.ifi.hase.soprafs23.controller.GameUnderCoverControllerTest" time="0.043"/>
  <testcase name="vote_validInput_gameUpdated()" classname="ch.uzh.ifi.hase.soprafs23.controller.GameUnderCoverControllerTest" time="0.012"/>
  <testcase name="vote_voteUserAlreadyOut_throwsForbidden()" classname="ch.uzh.ifi.hase.soprafs23.controller.GameUnderCoverControllerTest" time="0.009"/>
  <testcase name="createGame_gameExistsInRoom_gameUndercoverReturned()" classname="ch.uzh.ifi.hase.soprafs23.controller.GameUnderCoverControllerTest" time="0.008"/>
  <testcase name="getGameByGameId_validGameId_gameReturned()" classname="ch.uzh.ifi.hase.soprafs23.controller.GameUnderCoverControllerTest" time="0.008"/>
  <testcase name="vote_gameEndsWithMostVotedUser_userRemovedAndGameStatusChanged()" classname="ch.uzh.ifi.hase.soprafs23.controller.GameUnderCoverControllerTest" time="0.006"/>
  <system-out><![CDATA[2023-05-22 14:55:05.097  INFO 19056 --- [    Test worker] o.s.mock.web.MockServletContext          : Initializing Spring TestDispatcherServlet ''
2023-05-22 14:55:05.098  INFO 19056 --- [    Test worker] o.s.t.web.servlet.TestDispatcherServlet  : Initializing Servlet ''
2023-05-22 14:55:05.098  INFO 19056 --- [    Test worker] o.s.t.web.servlet.TestDispatcherServlet  : Completed initialization in 0 ms
2023-05-22 14:55:05.118  INFO 19056 --- [    Test worker] o.s.mock.web.MockServletContext          : Initializing Spring TestDispatcherServlet ''
2023-05-22 14:55:05.118  INFO 19056 --- [    Test worker] o.s.t.web.servlet.TestDispatcherServlet  : Initializing Servlet ''
2023-05-22 14:55:05.118  INFO 19056 --- [    Test worker] o.s.t.web.servlet.TestDispatcherServlet  : Completed initialization in 0 ms
2023-05-22 14:55:05.161  INFO 19056 --- [    Test worker] o.s.mock.web.MockServletContext          : Initializing Spring TestDispatcherServlet ''
2023-05-22 14:55:05.162  INFO 19056 --- [    Test worker] o.s.t.web.servlet.TestDispatcherServlet  : Initializing Servlet ''
2023-05-22 14:55:05.162  INFO 19056 --- [    Test worker] o.s.t.web.servlet.TestDispatcherServlet  : Completed initialization in 0 ms
2023-05-22 14:55:05.174  INFO 19056 --- [    Test worker] o.s.mock.web.MockServletContext          : Initializing Spring TestDispatcherServlet ''
2023-05-22 14:55:05.174  INFO 19056 --- [    Test worker] o.s.t.web.servlet.TestDispatcherServlet  : Initializing Servlet ''
2023-05-22 14:55:05.174  INFO 19056 --- [    Test worker] o.s.t.web.servlet.TestDispatcherServlet  : Completed initialization in 0 ms
2023-05-22 14:55:05.183  INFO 19056 --- [    Test worker] o.s.mock.web.MockServletContext          : Initializing Spring TestDispatcherServlet ''
2023-05-22 14:55:05.183  INFO 19056 --- [    Test worker] o.s.t.web.servlet.TestDispatcherServlet  : Initializing Servlet ''
2023-05-22 14:55:05.183  INFO 19056 --- [    Test worker] o.s.t.web.servlet.TestDispatcherServlet  : Completed initialization in 0 ms
2023-05-22 14:55:05.192  INFO 19056 --- [    Test worker] o.s.mock.web.MockServletContext          : Initializing Spring TestDispatcherServlet ''
2023-05-22 14:55:05.192  INFO 19056 --- [    Test worker] o.s.t.web.servlet.TestDispatcherServlet  : Initializing Servlet ''
2023-05-22 14:55:05.192  INFO 19056 --- [    Test worker] o.s.t.web.servlet.TestDispatcherServlet  : Completed initialization in 0 ms
2023-05-22 14:55:05.201  INFO 19056 --- [    Test worker] o.s.mock.web.MockServletContext          : Initializing Spring TestDispatcherServlet ''
2023-05-22 14:55:05.202  INFO 19056 --- [    Test worker] o.s.t.web.servlet.TestDispatcherServlet  : Initializing Servlet ''
2023-05-22 14:55:05.202  INFO 19056 --- [    Test worker] o.s.t.web.servlet.TestDispatcherServlet  : Completed initialization in 0 ms
]]></system-out>
  <system-err><![CDATA[]]></system-err>
</testsuite>
